<?xml version="1.0" encoding="UTF-8"?>
<!-- Generated by org.testng.reporters.JUnitXMLReporter -->
<testsuite ignored="0" hostname="wca-s647039" failures="1" tests="1" name="test" time="14.166" errors="0" timestamp="2023-03-03T14:04:22 MSK">
  <testcase classname="fiveElement.tests.Registration" name="registrationTest" time="10.051">
    <failure type="java.lang.IllegalArgumentException" message="Element must be set">
      <![CDATA[java.lang.IllegalArgumentException: Element must be set
at org.openqa.selenium.internal.Require.nonNull(Require.java:59)
at org.openqa.selenium.interactions.PointerInput$Origin.fromElement(PointerInput.java:287)
at org.openqa.selenium.interactions.Actions.moveInTicks(Actions.java:342)
at org.openqa.selenium.interactions.Actions.moveToElement(Actions.java:323)
at framework.elements.BaseElement.moveAndClickByAction(BaseElement.java:127)
at fiveElement.pageObject.windows.AuthorizationWindow.goToRegistrationWindow(AuthorizationWindow.java:11)
at fiveElement.tests.Registration.registrationTest(Registration.java:11)
at java.base/java.util.ArrayList.forEach(ArrayList.java:1511)
at java.base/java.util.concurrent.FutureTask.run(FutureTask.java:317)
at java.base/java.util.concurrent.ThreadPoolExecutor.runWorker(ThreadPoolExecutor.java:1144)
at java.base/java.util.concurrent.ThreadPoolExecutor$Worker.run(ThreadPoolExecutor.java:642)
at java.base/java.lang.Thread.run(Thread.java:1589)
... Removed 15 stack frames]]>
    </failure>
  </testcase> <!-- registrationTest -->
</testsuite> <!-- test -->
